{"name": "Ошибочный ввод в поиске", "status": "broken", "statusDetails": {"message": "selenium.common.exceptions.TimeoutException: Message: \nStacktrace:\n\tGetHandleVerifier [0x0xa61af3+62339]\n\tGetHandleVerifier [0x0xa61b34+62404]\n\t(No symbol) [0x0x8a2123]\n\t(No symbol) [0x0x8ea86e]\n\t(No symbol) [0x0x8eac0b]\n\t(No symbol) [0x0x932f72]\n\t(No symbol) [0x0x90f404]\n\t(No symbol) [0x0x9307a3]\n\t(No symbol) [0x0x90f1b6]\n\t(No symbol) [0x0x8de7a2]\n\t(No symbol) [0x0x8df644]\n\tGetHandleVerifier [0x0xcd6683+2637587]\n\tGetHandleVerifier [0x0xcd1a8a+2618138]\n\tGetHandleVerifier [0x0xa8856a+220666]\n\tGetHandleVerifier [0x0xa78998+156200]\n\tGetHandleVerifier [0x0xa7f12d+182717]\n\tGetHandleVerifier [0x0xa69a38+94920]\n\tGetHandleVerifier [0x0xa69bc2+95314]\n\tGetHandleVerifier [0x0xa54d0a+9626]\n\tBaseThreadInitThunk [0x0x76625d49+25]\n\tRtlInitializeExceptionChain [0x0x7790d2fb+107]\n\tRtlGetAppContainerNamedObjectPath [0x0x7790d281+561]", "trace": "driver = <selenium.webdriver.chrome.webdriver.WebDriver (session=\"ef767bcdb29f344c72505895ad301f93\")>\n\n    @allure.title(\"Ошибочный ввод в поиске\")\n    @pytest.mark.ui\n    def test_search_invalid_query(driver):\n        driver.get(\"https://www.kinopoisk.ru\")\n    \n        search_input = driver.find_element(By.NAME, \"kp_query\")\n        search_input.send_keys(\"asdqwe123456zxc\")\n        search_input.send_keys(Keys.RETURN)\n    \n>       WebDriverWait(driver, 10).until(\n            EC.presence_of_element_located((By.CSS_SELECTOR, \"div.styles_empty__msg__4Z9f-\"))\n        )\n\ntests\\test_ui.py:46: \n_ _ _ _ _ _ _ _ _ _ _ _ _ _ _ _ _ _ _ _ _ _ _ _ _ _ _ _ _ _ _ _ _ _ _ _ _ _ _ _ _ _ _ _ _ _ _ _ _ _ _ _ _ _ _ _ _ _ _ _ _ _ _ _ _ _ _ _ _ _ _ _ _ _ _ _ _ _ _ _ _ _ _ _ _ _ _ _ _ _ _ _ _ _ _ _ _ _ _ _ _\n\nself = <selenium.webdriver.support.wait.WebDriverWait (session=\"ef767bcdb29f344c72505895ad301f93\")>, method = <function presence_of_element_located.<locals>._predicate at 0x0000023414A8BD80>\nmessage = ''\n\n    def until(self, method: Callable[[D], Union[Literal[False], T]], message: str = \"\") -> T:\n        \"\"\"Wait until the method returns a value that is not False.\n    \n        Calls the method provided with the driver as an argument until the\n        return value does not evaluate to ``False``.\n    \n        Parameters:\n        -----------\n        method: callable(WebDriver)\n            - A callable object that takes a WebDriver instance as an argument.\n    \n        message: str\n            - Optional message for :exc:`TimeoutException`\n    \n        Return:\n        -------\n        object: T\n            - The result of the last call to `method`\n    \n        Raises:\n        -------\n        TimeoutException\n            - If 'method' does not return a truthy value within the WebDriverWait\n            object's timeout\n    \n        Example:\n        --------\n        >>> from selenium.webdriver.common.by import By\n        >>> from selenium.webdriver.support.ui import WebDriverWait\n        >>> from selenium.webdriver.support import expected_conditions as EC\n    \n        # Wait until an element is visible on the page\n        >>> wait = WebDriverWait(driver, 10)\n        >>> element = wait.until(EC.visibility_of_element_located((By.ID, \"exampleId\")))\n        >>> print(element.text)\n        \"\"\"\n        screen = None\n        stacktrace = None\n    \n        end_time = time.monotonic() + self._timeout\n        while True:\n            try:\n                value = method(self._driver)\n                if value:\n                    return value\n            except self._ignored_exceptions as exc:\n                screen = getattr(exc, \"screen\", None)\n                stacktrace = getattr(exc, \"stacktrace\", None)\n            if time.monotonic() > end_time:\n                break\n            time.sleep(self._poll)\n>       raise TimeoutException(message, screen, stacktrace)\nE       selenium.common.exceptions.TimeoutException: Message: \nE       Stacktrace:\nE       \tGetHandleVerifier [0x0xa61af3+62339]\nE       \tGetHandleVerifier [0x0xa61b34+62404]\nE       \t(No symbol) [0x0x8a2123]\nE       \t(No symbol) [0x0x8ea86e]\nE       \t(No symbol) [0x0x8eac0b]\nE       \t(No symbol) [0x0x932f72]\nE       \t(No symbol) [0x0x90f404]\nE       \t(No symbol) [0x0x9307a3]\nE       \t(No symbol) [0x0x90f1b6]\nE       \t(No symbol) [0x0x8de7a2]\nE       \t(No symbol) [0x0x8df644]\nE       \tGetHandleVerifier [0x0xcd6683+2637587]\nE       \tGetHandleVerifier [0x0xcd1a8a+2618138]\nE       \tGetHandleVerifier [0x0xa8856a+220666]\nE       \tGetHandleVerifier [0x0xa78998+156200]\nE       \tGetHandleVerifier [0x0xa7f12d+182717]\nE       \tGetHandleVerifier [0x0xa69a38+94920]\nE       \tGetHandleVerifier [0x0xa69bc2+95314]\nE       \tGetHandleVerifier [0x0xa54d0a+9626]\nE       \tBaseThreadInitThunk [0x0x76625d49+25]\nE       \tRtlInitializeExceptionChain [0x0x7790d2fb+107]\nE       \tRtlGetAppContainerNamedObjectPath [0x0x7790d281+561]\n\n..\\..\\AppData\\Local\\Packages\\PythonSoftwareFoundation.Python.3.13_qbz5n2kfra8p0\\LocalCache\\local-packages\\Python313\\site-packages\\selenium\\webdriver\\support\\wait.py:138: TimeoutException"}, "start": 1753717956905, "stop": 1753717973102, "uuid": "c6431a1c-0b9e-4f69-9e37-e136e97ab7ee", "historyId": "6557b72a81643635b4d52691fb9b4741", "testCaseId": "6557b72a81643635b4d52691fb9b4741", "fullName": "tests.test_ui#test_search_invalid_query", "labels": [{"name": "tag", "value": "ui"}, {"name": "parentSuite", "value": "tests"}, {"name": "suite", "value": "test_ui"}, {"name": "host", "value": "Popboom"}, {"name": "thread", "value": "28812-MainThread"}, {"name": "framework", "value": "pytest"}, {"name": "language", "value": "cpython3"}, {"name": "package", "value": "tests.test_ui"}], "titlePath": ["tests", "test_ui.py"]}