{"name": "Визуальная выделенность кнопки 'Войти' (hover-эффект)", "status": "broken", "statusDetails": {"message": "selenium.common.exceptions.TimeoutException: Message: \nStacktrace:\n\tGetHandleVerifier [0x0xa61af3+62339]\n\tGetHandleVerifier [0x0xa61b34+62404]\n\t(No symbol) [0x0x8a2123]\n\t(No symbol) [0x0x8ea86e]\n\t(No symbol) [0x0x8eac0b]\n\t(No symbol) [0x0x932f72]\n\t(No symbol) [0x0x90f404]\n\t(No symbol) [0x0x9307a3]\n\t(No symbol) [0x0x90f1b6]\n\t(No symbol) [0x0x8de7a2]\n\t(No symbol) [0x0x8df644]\n\tGetHandleVerifier [0x0xcd6683+2637587]\n\tGetHandleVerifier [0x0xcd1a8a+2618138]\n\tGetHandleVerifier [0x0xa8856a+220666]\n\tGetHandleVerifier [0x0xa78998+156200]\n\tGetHandleVerifier [0x0xa7f12d+182717]\n\tGetHandleVerifier [0x0xa69a38+94920]\n\tGetHandleVerifier [0x0xa69bc2+95314]\n\tGetHandleVerifier [0x0xa54d0a+9626]\n\tBaseThreadInitThunk [0x0x76625d49+25]\n\tRtlInitializeExceptionChain [0x0x7790d2fb+107]\n\tRtlGetAppContainerNamedObjectPath [0x0x7790d281+561]", "trace": "driver = <selenium.webdriver.chrome.webdriver.WebDriver (session=\"41461794bea62765e8a1bb091783c03d\")>\n\n    @allure.title(\"Визуальная выделенность кнопки 'Войти' (hover-эффект)\")\n    @pytest.mark.ui\n    def test_login_button_highlight(driver):\n        with allure.step(\"Открытие главной страницы\"):\n            driver.get(\"https://www.kinopoisk.ru/\")\n    \n        with allure.step(\"Ожидание появления кнопки 'Войти'\"):\n>           button = WebDriverWait(driver, 20).until(\n                EC.presence_of_element_located((By.XPATH, \"//button[text()='Войти']\"))\n            )\n\ntests\\test_ui.py:113: \n_ _ _ _ _ _ _ _ _ _ _ _ _ _ _ _ _ _ _ _ _ _ _ _ _ _ _ _ _ _ _ _ _ _ _ _ _ _ _ _ _ _ _ _ _ _ _ _ _ _ _ _ _ _ _ _ _ _ _ _ _ _ _ _ _ _ _ _ _ _ _ _ _ _ _ _ _ _ _ _ _ _ _ _ _ _ _ _ _ _ _ _ _ _ _ _ _ _ _ _ _\n\nself = <selenium.webdriver.support.wait.WebDriverWait (session=\"41461794bea62765e8a1bb091783c03d\")>, method = <function presence_of_element_located.<locals>._predicate at 0x0000028A9B1DF880>\nmessage = ''\n\n    def until(self, method: Callable[[D], Union[Literal[False], T]], message: str = \"\") -> T:\n        \"\"\"Wait until the method returns a value that is not False.\n    \n        Calls the method provided with the driver as an argument until the\n        return value does not evaluate to ``False``.\n    \n        Parameters:\n        -----------\n        method: callable(WebDriver)\n            - A callable object that takes a WebDriver instance as an argument.\n    \n        message: str\n            - Optional message for :exc:`TimeoutException`\n    \n        Return:\n        -------\n        object: T\n            - The result of the last call to `method`\n    \n        Raises:\n        -------\n        TimeoutException\n            - If 'method' does not return a truthy value within the WebDriverWait\n            object's timeout\n    \n        Example:\n        --------\n        >>> from selenium.webdriver.common.by import By\n        >>> from selenium.webdriver.support.ui import WebDriverWait\n        >>> from selenium.webdriver.support import expected_conditions as EC\n    \n        # Wait until an element is visible on the page\n        >>> wait = WebDriverWait(driver, 10)\n        >>> element = wait.until(EC.visibility_of_element_located((By.ID, \"exampleId\")))\n        >>> print(element.text)\n        \"\"\"\n        screen = None\n        stacktrace = None\n    \n        end_time = time.monotonic() + self._timeout\n        while True:\n            try:\n                value = method(self._driver)\n                if value:\n                    return value\n            except self._ignored_exceptions as exc:\n                screen = getattr(exc, \"screen\", None)\n                stacktrace = getattr(exc, \"stacktrace\", None)\n            if time.monotonic() > end_time:\n                break\n            time.sleep(self._poll)\n>       raise TimeoutException(message, screen, stacktrace)\nE       selenium.common.exceptions.TimeoutException: Message: \nE       Stacktrace:\nE       \tGetHandleVerifier [0x0xa61af3+62339]\nE       \tGetHandleVerifier [0x0xa61b34+62404]\nE       \t(No symbol) [0x0x8a2123]\nE       \t(No symbol) [0x0x8ea86e]\nE       \t(No symbol) [0x0x8eac0b]\nE       \t(No symbol) [0x0x932f72]\nE       \t(No symbol) [0x0x90f404]\nE       \t(No symbol) [0x0x9307a3]\nE       \t(No symbol) [0x0x90f1b6]\nE       \t(No symbol) [0x0x8de7a2]\nE       \t(No symbol) [0x0x8df644]\nE       \tGetHandleVerifier [0x0xcd6683+2637587]\nE       \tGetHandleVerifier [0x0xcd1a8a+2618138]\nE       \tGetHandleVerifier [0x0xa8856a+220666]\nE       \tGetHandleVerifier [0x0xa78998+156200]\nE       \tGetHandleVerifier [0x0xa7f12d+182717]\nE       \tGetHandleVerifier [0x0xa69a38+94920]\nE       \tGetHandleVerifier [0x0xa69bc2+95314]\nE       \tGetHandleVerifier [0x0xa54d0a+9626]\nE       \tBaseThreadInitThunk [0x0x76625d49+25]\nE       \tRtlInitializeExceptionChain [0x0x7790d2fb+107]\nE       \tRtlGetAppContainerNamedObjectPath [0x0x7790d281+561]\n\n..\\..\\AppData\\Local\\Packages\\PythonSoftwareFoundation.Python.3.13_qbz5n2kfra8p0\\LocalCache\\local-packages\\Python313\\site-packages\\selenium\\webdriver\\support\\wait.py:138: TimeoutException"}, "steps": [{"name": "Открытие главной страницы", "status": "passed", "start": 1753730289786, "stop": 1753730291231}, {"name": "Ожидание появления кнопки 'Войти'", "status": "broken", "statusDetails": {"message": "selenium.common.exceptions.TimeoutException: Message: \nStacktrace:\n\tGetHandleVerifier [0x0xa61af3+62339]\n\tGetHandleVerifier [0x0xa61b34+62404]\n\t(No symbol) [0x0x8a2123]\n\t(No symbol) [0x0x8ea86e]\n\t(No symbol) [0x0x8eac0b]\n\t(No symbol) [0x0x932f72]\n\t(No symbol) [0x0x90f404]\n\t(No symbol) [0x0x9307a3]\n\t(No symbol) [0x0x90f1b6]\n\t(No symbol) [0x0x8de7a2]\n\t(No symbol) [0x0x8df644]\n\tGetHandleVerifier [0x0xcd6683+2637587]\n\tGetHandleVerifier [0x0xcd1a8a+2618138]\n\tGetHandleVerifier [0x0xa8856a+220666]\n\tGetHandleVerifier [0x0xa78998+156200]\n\tGetHandleVerifier [0x0xa7f12d+182717]\n\tGetHandleVerifier [0x0xa69a38+94920]\n\tGetHandleVerifier [0x0xa69bc2+95314]\n\tGetHandleVerifier [0x0xa54d0a+9626]\n\tBaseThreadInitThunk [0x0x76625d49+25]\n\tRtlInitializeExceptionChain [0x0x7790d2fb+107]\n\tRtlGetAppContainerNamedObjectPath [0x0x7790d281+561]\n\n", "trace": "  File \"C:\\Users\\chere\\Desktop\\final-project\\tests\\test_ui.py\", line 113, in test_login_button_highlight\n    button = WebDriverWait(driver, 20).until(\n        EC.presence_of_element_located((By.XPATH, \"//button[text()='Войти']\"))\n    )\n  File \"C:\\Users\\chere\\AppData\\Local\\Packages\\PythonSoftwareFoundation.Python.3.13_qbz5n2kfra8p0\\LocalCache\\local-packages\\Python313\\site-packages\\selenium\\webdriver\\support\\wait.py\", line 138, in until\n    raise TimeoutException(message, screen, stacktrace)\n"}, "start": 1753730291231, "stop": 1753730311710}], "start": 1753730289786, "stop": 1753730311711, "uuid": "08da9c3a-673c-4988-a7d3-1b06626f576c", "historyId": "5471e924af373272fc5c51cbc06006e3", "testCaseId": "5471e924af373272fc5c51cbc06006e3", "fullName": "tests.test_ui#test_login_button_highlight", "labels": [{"name": "tag", "value": "ui"}, {"name": "parentSuite", "value": "tests"}, {"name": "suite", "value": "test_ui"}, {"name": "host", "value": "Popboom"}, {"name": "thread", "value": "23236-MainThread"}, {"name": "framework", "value": "pytest"}, {"name": "language", "value": "cpython3"}, {"name": "package", "value": "tests.test_ui"}], "titlePath": ["tests", "test_ui.py"]}